<?xml version="1.0" encoding="UTF-8"?>
<!-- Generated by org.testng.reporters.JUnitReportReporter -->
<testsuite hostname="DESKTOP-7IOHK32" failures="0" tests="1" name="TestRunner.TestNgTestRunner" time="19.027" errors="0" timestamp="2022-08-30T16:55:53 IST" skipped="0">
  <testcase classname="TestRunner.TestNgTestRunner" name="runScenario" time="19.027"/>
  <system-out/>
</testsuite> <!-- TestRunner.TestNgTestRunner -->
